<?xml version="1.0" encoding="UTF-8"?>
<testng-results total="4" passed="3" failed="1" skipped="0">
  <reporter-output>
  </reporter-output>
  <suite started-at="2023-07-07T07:17:22Z" name="eComm Test Suite" finished-at="2023-07-07T07:17:59Z" duration-ms="36826">
    <groups>
    </groups>
    <test started-at="2023-07-07T07:17:22Z" name="eComm Test" finished-at="2023-07-07T07:17:59Z" duration-ms="36826">
      <class name="com.qafox.customer.verifyLoginPage">
        <test-method is-config="true" signature="setUpDriver()[pri:0, instance:com.qafox.customer.verifyLoginPage@87a85e1]" started-at="2023-07-07T12:47:13Z" name="setUpDriver" finished-at="2023-07-07T12:47:22Z" duration-ms="8425" status="PASS">
          <reporter-output>
          </reporter-output>
        </test-method> <!-- setUpDriver -->
        <test-method signature="sampleFailTest()[pri:0, instance:com.qafox.customer.verifyLoginPage@87a85e1]" started-at="2023-07-07T12:47:22Z" name="sampleFailTest" finished-at="2023-07-07T12:47:46Z" duration-ms="24381" status="FAIL">
          <exception class="java.lang.AssertionError">
            <message>
              <![CDATA[ Improper warning message for empty credentails]]>
            </message>
            <full-stacktrace>
              <![CDATA[java.lang.AssertionError:  Improper warning message for empty credentails
	at org.testng.Assert.fail(Assert.java:94)
	at org.testng.Assert.assertNotEquals(Assert.java:758)
	at com.qafox.customer.verifyLoginPage.sampleFailTest(verifyLoginPage.java:120)
	at java.base/jdk.internal.reflect.NativeMethodAccessorImpl.invoke0(Native Method)
	at java.base/jdk.internal.reflect.NativeMethodAccessorImpl.invoke(NativeMethodAccessorImpl.java:62)
	at java.base/jdk.internal.reflect.DelegatingMethodAccessorImpl.invoke(DelegatingMethodAccessorImpl.java:43)
	at java.base/java.lang.reflect.Method.invoke(Method.java:566)
	at org.testng.internal.MethodInvocationHelper.invokeMethod(MethodInvocationHelper.java:80)
	at org.testng.internal.Invoker.invokeMethod(Invoker.java:714)
	at org.testng.internal.Invoker.invokeTestMethod(Invoker.java:901)
	at org.testng.internal.Invoker.invokeTestMethods(Invoker.java:1231)
	at org.testng.internal.TestMethodWorker.invokeTestMethods(TestMethodWorker.java:127)
	at org.testng.internal.TestMethodWorker.run(TestMethodWorker.java:111)
	at org.testng.TestRunner.privateRun(TestRunner.java:767)
	at org.testng.TestRunner.run(TestRunner.java:617)
	at org.testng.SuiteRunner.runTest(SuiteRunner.java:334)
	at org.testng.SuiteRunner.runSequentially(SuiteRunner.java:329)
	at org.testng.SuiteRunner.privateRun(SuiteRunner.java:291)
	at org.testng.SuiteRunner.run(SuiteRunner.java:240)
	at org.testng.SuiteRunnerWorker.runSuite(SuiteRunnerWorker.java:52)
	at org.testng.SuiteRunnerWorker.run(SuiteRunnerWorker.java:86)
	at org.testng.TestNG.runSuitesSequentially(TestNG.java:1198)
	at org.testng.TestNG.runSuitesLocally(TestNG.java:1123)
	at org.testng.TestNG.run(TestNG.java:1031)
	at org.testng.remote.AbstractRemoteTestNG.run(AbstractRemoteTestNG.java:115)
	at org.testng.remote.RemoteTestNG.initAndRun(RemoteTestNG.java:251)
	at org.testng.remote.RemoteTestNG.main(RemoteTestNG.java:77)
]]>
            </full-stacktrace>
          </exception> <!-- java.lang.AssertionError -->
          <reporter-output>
          </reporter-output>
        </test-method> <!-- sampleFailTest -->
        <test-method is-config="true" signature="getResult(org.testng.ITestResult)[pri:0, instance:com.qafox.customer.verifyLoginPage@87a85e1]" started-at="2023-07-07T12:47:46Z" name="getResult" finished-at="2023-07-07T12:47:46Z" duration-ms="245" status="PASS">
          <params>
            <param index="0">
              <value>
                <![CDATA[[TestResult name=sampleFailTest status=FAILURE method=verifyLoginPage.sampleFailTest()[pri:0, instance:com.qafox.customer.verifyLoginPage@87a85e1] output={null}]]]>
              </value>
            </param>
          </params>
          <reporter-output>
          </reporter-output>
        </test-method> <!-- getResult -->
        <test-method signature="verifyNewCustomer()[pri:0, instance:com.qafox.customer.verifyLoginPage@87a85e1]" started-at="2023-07-07T12:47:46Z" name="verifyNewCustomer" finished-at="2023-07-07T12:47:50Z" duration-ms="3646" status="PASS">
          <reporter-output>
          </reporter-output>
        </test-method> <!-- verifyNewCustomer -->
        <test-method is-config="true" signature="getResult(org.testng.ITestResult)[pri:0, instance:com.qafox.customer.verifyLoginPage@87a85e1]" started-at="2023-07-07T12:47:50Z" name="getResult" finished-at="2023-07-07T12:47:50Z" duration-ms="0" status="PASS">
          <params>
            <param index="0">
              <value>
                <![CDATA[[TestResult name=verifyNewCustomer status=SUCCESS method=verifyLoginPage.verifyNewCustomer()[pri:0, instance:com.qafox.customer.verifyLoginPage@87a85e1] output={null}]]]>
              </value>
            </param>
          </params>
          <reporter-output>
          </reporter-output>
        </test-method> <!-- getResult -->
        <test-method signature="verifyReturningCustomer(java.lang.String, java.lang.String)[pri:0, instance:com.qafox.customer.verifyLoginPage@87a85e1]" started-at="2023-07-07T12:47:50Z" name="verifyReturningCustomer" data-provider="get_data" finished-at="2023-07-07T12:47:57Z" duration-ms="7245" status="PASS">
          <params>
            <param index="0">
              <value>
                <![CDATA[sample@qafox.com]]>
              </value>
            </param>
            <param index="1">
              <value>
                <![CDATA[thepwd]]>
              </value>
            </param>
          </params>
          <reporter-output>
          </reporter-output>
        </test-method> <!-- verifyReturningCustomer -->
        <test-method signature="verifyShortcutMenus()[pri:0, instance:com.qafox.customer.verifyLoginPage@87a85e1]" started-at="2023-07-07T12:47:57Z" name="verifyShortcutMenus" finished-at="2023-07-07T12:47:58Z" duration-ms="906" status="PASS">
          <reporter-output>
          </reporter-output>
        </test-method> <!-- verifyShortcutMenus -->
        <test-method is-config="true" signature="getResult(org.testng.ITestResult)[pri:0, instance:com.qafox.customer.verifyLoginPage@87a85e1]" started-at="2023-07-07T12:47:57Z" name="getResult" finished-at="2023-07-07T12:47:57Z" duration-ms="0" status="PASS">
          <params>
            <param index="0">
              <value>
                <![CDATA[[TestResult name=verifyReturningCustomer status=SUCCESS method=verifyLoginPage.verifyReturningCustomer(java.lang.String, java.lang.String)[pri:0, instance:com.qafox.customer.verifyLoginPage@87a85e1] output={null}]]]>
              </value>
            </param>
          </params>
          <reporter-output>
          </reporter-output>
        </test-method> <!-- getResult -->
        <test-method is-config="true" signature="getResult(org.testng.ITestResult)[pri:0, instance:com.qafox.customer.verifyLoginPage@87a85e1]" started-at="2023-07-07T12:47:58Z" name="getResult" finished-at="2023-07-07T12:47:58Z" duration-ms="0" status="PASS">
          <params>
            <param index="0">
              <value>
                <![CDATA[[TestResult name=verifyShortcutMenus status=SUCCESS method=verifyLoginPage.verifyShortcutMenus()[pri:0, instance:com.qafox.customer.verifyLoginPage@87a85e1] output={null}]]]>
              </value>
            </param>
          </params>
          <reporter-output>
          </reporter-output>
        </test-method> <!-- getResult -->
        <test-method is-config="true" signature="endReport()[pri:0, instance:com.qafox.customer.verifyLoginPage@87a85e1]" started-at="2023-07-07T12:47:58Z" name="endReport" finished-at="2023-07-07T12:47:59Z" duration-ms="252" status="PASS">
          <reporter-output>
          </reporter-output>
        </test-method> <!-- endReport -->
        <test-method is-config="true" signature="tearDown()[pri:0, instance:com.qafox.customer.verifyLoginPage@87a85e1]" started-at="2023-07-07T12:47:59Z" name="tearDown" finished-at="2023-07-07T12:47:59Z" duration-ms="844" status="PASS">
          <reporter-output>
          </reporter-output>
        </test-method> <!-- tearDown -->
      </class> <!-- com.qafox.customer.verifyLoginPage -->
    </test> <!-- eComm Test -->
  </suite> <!-- eComm Test Suite -->
</testng-results>
